<?xml version="1.0" encoding="UTF-8"?>
<!-- Generated by org.testng.reporters.JUnitXMLReporter -->
<testsuite ignored="3" hostname="LAPTOP-30FJ9GPS" failures="0" tests="1" name="Booking App Test" time="43.371" errors="0" timestamp="2024-10-13T16:17:57 EET">
  <testcase classname="booking.tests.StaysTest" name="testloginWithMail" time="18.291"/>
  <testcase classname="booking.tests.StaysTest" name="testFilterWithFiveStar" time="0.0">
    <ignored/>
  </testcase> <!-- testFilterWithFiveStar -->
  <testcase classname="booking.tests.StaysTest" name="testSavedToFavouriteItem" time="0.0">
    <ignored/>
  </testcase> <!-- testSavedToFavouriteItem -->
  <testcase classname="booking.tests.StaysTest" name="testReserveStayWithFreeCancelationAndLowCost" time="0.0">
    <ignored/>
  </testcase> <!-- testReserveStayWithFreeCancelationAndLowCost -->
</testsuite> <!-- Booking App Test -->
