<?xml version="1.0" encoding="UTF-8"?>
<!-- Generated by org.testng.reporters.JUnitXMLReporter -->
<testsuite ignored="0" hostname="LAPTOP-30FJ9GPS" failures="0" tests="4" name="Booking App Test" time="169.306" errors="0" timestamp="2024-10-14T09:48:50 EET">
  <testcase classname="booking.tests.StaysTest" name="testloginWithMail" time="13.503"/>
  <testcase classname="booking.tests.StaysTest" name="testReserveStayWithFreeCancelationAndLowCost" time="42.982"/>
  <testcase classname="booking.tests.StaysTest" name="testSavedToFavouriteItem" time="30.823"/>
  <testcase classname="booking.tests.StaysTest" name="testFilterWithFiveStar" time="31.032"/>
</testsuite> <!-- Booking App Test -->
