<?xml version="1.0" encoding="UTF-8"?>
<!-- Generated by org.testng.reporters.JUnitXMLReporter -->
<testsuite ignored="3" hostname="LAPTOP-30FJ9GPS" failures="0" tests="1" name="Default test" time="83.425" errors="0" timestamp="2024-11-10T09:54:28 AST">
  <testcase classname="booking.tests.StaysTest" name="testReserveStayWithFreeCancelationAndLowCost" time="50.476"/>
  <testcase classname="booking.tests.StaysTest" name="testFilterWithFiveStar" time="0.0">
    <ignored/>
  </testcase> <!-- testFilterWithFiveStar -->
  <testcase classname="booking.tests.StaysTest" name="testloginWithMail" time="0.0">
    <ignored/>
  </testcase> <!-- testloginWithMail -->
  <testcase classname="booking.tests.StaysTest" name="testSavedToFavouriteItem" time="0.0">
    <ignored/>
  </testcase> <!-- testSavedToFavouriteItem -->
</testsuite> <!-- Default test -->
